app/build/outputs/apk/manifest-merger-CubisBITablet-debug-report.txt
-- Merging decision tree log ---
manifest
ADDED from AndroidManifest.xml:2:1
	package
		ADDED from AndroidManifest.xml:3:5
		INJECTED from AndroidManifest.xml:0:0
		INJECTED from AndroidManifest.xml:0:0
	android:versionName
		ADDED from AndroidManifest.xml:5:5
	android:versionCode
		ADDED from AndroidManifest.xml:4:5
		INJECTED from AndroidManifest.xml:0:0
		INJECTED from AndroidManifest.xml:0:0
	xmlns:android
		ADDED from AndroidManifest.xml:2:11
uses-sdk
ADDED from AndroidManifest.xml:8:5
MERGED from com.android.support:multidex:1.0.0:18:5
MERGED from com.google.android.gms:play-services:9.6.1:4:5
MERGED from com.google.android.gms:play-services-ads:9.6.1:17:5
MERGED from com.google.android.gms:play-services-ads-lite:9.6.1:22:5
MERGED from com.google.android.gms:play-services-basement:9.6.1:17:5
MERGED from com.google.android.gms:play-services-base:9.6.1:17:5
MERGED from com.google.android.gms:play-services-basement:9.6.1:17:5
MERGED from com.google.android.gms:play-services-tasks:9.6.1:3:5
MERGED from com.google.android.gms:play-services-basement:9.6.1:17:5
MERGED from com.google.android.gms:play-services-clearcut:9.6.1:17:5
MERGED from com.google.android.gms:play-services-base:9.6.1:17:5
MERGED from com.google.android.gms:play-services-basement:9.6.1:17:5
MERGED from com.google.android.gms:play-services-tasks:9.6.1:3:5
MERGED from com.google.android.gms:play-services-basement:9.6.1:17:5
MERGED from com.google.android.gms:play-services-basement:9.6.1:17:5
MERGED from com.google.android.gms:play-services-basement:9.6.1:17:5
MERGED from com.google.android.gms:play-services-gass:9.6.1:3:5
MERGED from com.google.android.gms:play-services-basement:9.6.1:17:5
MERGED from com.google.android.gms:play-services-ads-lite:9.6.1:22:5
MERGED from com.google.android.gms:play-services-basement:9.6.1:17:5
MERGED from com.google.android.gms:play-services-analytics:9.6.1:17:5
MERGED from com.google.android.gms:play-services-analytics-impl:9.6.1:17:5
MERGED from com.google.android.gms:play-services-base:9.6.1:17:5
MERGED from com.google.android.gms:play-services-basement:9.6.1:17:5
MERGED from com.google.android.gms:play-services-tasks:9.6.1:3:5
MERGED from com.google.android.gms:play-services-basement:9.6.1:17:5
MERGED from com.google.android.gms:play-services-basement:9.6.1:17:5
MERGED from com.google.android.gms:play-services-base:9.6.1:17:5
MERGED from com.google.android.gms:play-services-basement:9.6.1:17:5
MERGED from com.google.android.gms:play-services-tasks:9.6.1:3:5
MERGED from com.google.android.gms:play-services-basement:9.6.1:17:5
MERGED from com.google.android.gms:play-services-basement:9.6.1:17:5
MERGED from com.google.android.gms:play-services-analytics-impl:9.6.1:17:5
MERGED from com.google.android.gms:play-services-base:9.6.1:17:5
MERGED from com.google.android.gms:play-services-basement:9.6.1:17:5
MERGED from com.google.android.gms:play-services-tasks:9.6.1:3:5
MERGED from com.google.android.gms:play-services-basement:9.6.1:17:5
MERGED from com.google.android.gms:play-services-basement:9.6.1:17:5
MERGED from com.google.android.gms:play-services-appinvite:9.6.1:17:5
MERGED from com.google.android.gms:play-services-base:9.6.1:17:5
MERGED from com.google.android.gms:play-services-basement:9.6.1:17:5
MERGED from com.google.android.gms:play-services-tasks:9.6.1:3:5
MERGED from com.google.android.gms:play-services-basement:9.6.1:17:5
MERGED from com.google.android.gms:play-services-basement:9.6.1:17:5
MERGED from com.google.android.gms:play-services-tasks:9.6.1:3:5
MERGED from com.google.android.gms:play-services-basement:9.6.1:17:5
MERGED from com.google.android.gms:play-services-auth:9.6.1:17:5
MERGED from com.google.android.gms:play-services-auth-base:9.6.1:4:5
MERGED from com.google.android.gms:play-services-base:9.6.1:17:5
MERGED from com.google.android.gms:play-services-basement:9.6.1:17:5
MERGED from com.google.android.gms:play-services-tasks:9.6.1:3:5
MERGED from com.google.android.gms:play-services-basement:9.6.1:17:5
MERGED from com.google.android.gms:play-services-basement:9.6.1:17:5
MERGED from com.google.android.gms:play-services-base:9.6.1:17:5
MERGED from com.google.android.gms:play-services-basement:9.6.1:17:5
MERGED from com.google.android.gms:play-services-tasks:9.6.1:3:5
MERGED from com.google.android.gms:play-services-basement:9.6.1:17:5
MERGED from com.google.android.gms:play-services-basement:9.6.1:17:5
MERGED from com.google.android.gms:play-services-auth-base:9.6.1:4:5
MERGED from com.google.android.gms:play-services-base:9.6.1:17:5
MERGED from com.google.android.gms:play-services-basement:9.6.1:17:5
MERGED from com.google.android.gms:play-services-tasks:9.6.1:3:5
MERGED from com.google.android.gms:play-services-basement:9.6.1:17:5
MERGED from com.google.android.gms:play-services-basement:9.6.1:17:5
MERGED from com.google.android.gms:play-services-base:9.6.1:17:5
MERGED from com.google.android.gms:play-services-basement:9.6.1:17:5
MERGED from com.google.android.gms:play-services-tasks:9.6.1:3:5
MERGED from com.google.android.gms:play-services-basement:9.6.1:17:5
MERGED from com.google.android.gms:play-services-cast-framework:9.6.1:3:5
MERGED from com.google.android.gms:play-services-base:9.6.1:17:5
MERGED from com.google.android.gms:play-services-basement:9.6.1:17:5
MERGED from com.google.android.gms:play-services-tasks:9.6.1:3:5
MERGED from com.google.android.gms:play-services-basement:9.6.1:17:5
MERGED from com.google.android.gms:play-services-cast:9.6.1:17:5
MERGED from com.google.android.gms:play-services-base:9.6.1:17:5
MERGED from com.google.android.gms:play-services-basement:9.6.1:17:5
MERGED from com.google.android.gms:play-services-tasks:9.6.1:3:5
MERGED from com.google.android.gms:play-services-basement:9.6.1:17:5
MERGED from com.google.android.gms:play-services-basement:9.6.1:17:5
MERGED from com.android.support:mediarouter-v7:24.0.0:20:5
MERGED from com.android.support:palette-v7:24.0.0:20:5
MERGED from com.android.support:appcompat-v7:24.0.0:21:5
MERGED from com.android.support:support-vector-drawable:24.0.0:21:5
MERGED from com.android.support:animated-vector-drawable:24.0.0:20:5
MERGED from com.android.support:support-vector-drawable:24.0.0:21:5
MERGED from com.google.android.gms:play-services-basement:9.6.1:17:5
MERGED from com.google.android.gms:play-services-cast:9.6.1:17:5
MERGED from com.google.android.gms:play-services-base:9.6.1:17:5
MERGED from com.google.android.gms:play-services-basement:9.6.1:17:5
MERGED from com.google.android.gms:play-services-tasks:9.6.1:3:5
MERGED from com.google.android.gms:play-services-basement:9.6.1:17:5
MERGED from com.google.android.gms:play-services-basement:9.6.1:17:5
MERGED from com.android.support:mediarouter-v7:24.0.0:20:5
MERGED from com.android.support:palette-v7:24.0.0:20:5
MERGED from com.android.support:appcompat-v7:24.0.0:21:5
MERGED from com.android.support:support-vector-drawable:24.0.0:21:5
MERGED from com.android.support:animated-vector-drawable:24.0.0:20:5
MERGED from com.android.support:support-vector-drawable:24.0.0:21:5
MERGED from com.google.android.gms:play-services-clearcut:9.6.1:17:5
MERGED from com.google.android.gms:play-services-base:9.6.1:17:5
MERGED from com.google.android.gms:play-services-basement:9.6.1:17:5
MERGED from com.google.android.gms:play-services-tasks:9.6.1:3:5
MERGED from com.google.android.gms:play-services-basement:9.6.1:17:5
MERGED from com.google.android.gms:play-services-basement:9.6.1:17:5
MERGED from com.google.android.gms:play-services-basement:9.6.1:17:5
MERGED from com.google.firebase:firebase-config:9.6.1:17:5
MERGED from com.google.android.gms:play-services-base:9.6.1:17:5
MERGED from com.google.android.gms:play-services-basement:9.6.1:17:5
MERGED from com.google.android.gms:play-services-tasks:9.6.1:3:5
MERGED from com.google.android.gms:play-services-basement:9.6.1:17:5
MERGED from com.google.android.gms:play-services-basement:9.6.1:17:5
MERGED from com.google.firebase:firebase-iid:9.6.1:17:5
MERGED from com.google.android.gms:play-services-basement:9.6.1:17:5
MERGED from com.google.firebase:firebase-common:9.6.1:3:5
MERGED from com.google.android.gms:play-services-basement:9.6.1:17:5
MERGED from com.google.android.gms:play-services-tasks:9.6.1:3:5
MERGED from com.google.android.gms:play-services-basement:9.6.1:17:5
MERGED from com.google.firebase:firebase-common:9.6.1:3:5
MERGED from com.google.android.gms:play-services-basement:9.6.1:17:5
MERGED from com.google.android.gms:play-services-tasks:9.6.1:3:5
MERGED from com.google.android.gms:play-services-basement:9.6.1:17:5
MERGED from com.google.android.gms:play-services-tasks:9.6.1:3:5
MERGED from com.google.android.gms:play-services-basement:9.6.1:17:5
MERGED from com.google.android.gms:play-services-awareness:9.6.1:17:5
MERGED from com.google.android.gms:play-services-base:9.6.1:17:5
MERGED from com.google.android.gms:play-services-basement:9.6.1:17:5
MERGED from com.google.android.gms:play-services-tasks:9.6.1:3:5
MERGED from com.google.android.gms:play-services-basement:9.6.1:17:5
MERGED from com.google.android.gms:play-services-basement:9.6.1:17:5
MERGED from com.google.android.gms:play-services-location:9.6.1:3:5
MERGED from com.google.android.gms:play-services-base:9.6.1:17:5
MERGED from com.google.android.gms:play-services-basement:9.6.1:17:5
MERGED from com.google.android.gms:play-services-tasks:9.6.1:3:5
MERGED from com.google.android.gms:play-services-basement:9.6.1:17:5
MERGED from com.google.android.gms:play-services-basement:9.6.1:17:5
MERGED from com.google.android.gms:play-services-places:9.6.1:17:5
MERGED from com.google.android.gms:play-services-base:9.6.1:17:5
MERGED from com.google.android.gms:play-services-basement:9.6.1:17:5
MERGED from com.google.android.gms:play-services-tasks:9.6.1:3:5
MERGED from com.google.android.gms:play-services-basement:9.6.1:17:5
MERGED from com.google.android.gms:play-services-basement:9.6.1:17:5
MERGED from com.google.android.gms:play-services-maps:9.6.1:23:5
MERGED from com.google.android.gms:play-services-base:9.6.1:17:5
MERGED from com.google.android.gms:play-services-basement:9.6.1:17:5
MERGED from com.google.android.gms:play-services-tasks:9.6.1:3:5
MERGED from com.google.android.gms:play-services-basement:9.6.1:17:5
MERGED from com.google.android.gms:play-services-basement:9.6.1:17:5
MERGED from com.google.firebase:firebase-crash:9.6.1:20:5
MERGED from com.google.android.gms:play-services-basement:9.6.1:17:5
MERGED from com.google.firebase:firebase-iid:9.6.1:17:5
MERGED from com.google.android.gms:play-services-basement:9.6.1:17:5
MERGED from com.google.firebase:firebase-common:9.6.1:3:5
MERGED from com.google.android.gms:play-services-basement:9.6.1:17:5
MERGED from com.google.android.gms:play-services-tasks:9.6.1:3:5
MERGED from com.google.android.gms:play-services-basement:9.6.1:17:5
MERGED from com.google.firebase:firebase-common:9.6.1:3:5
MERGED from com.google.android.gms:play-services-basement:9.6.1:17:5
MERGED from com.google.android.gms:play-services-tasks:9.6.1:3:5
MERGED from com.google.android.gms:play-services-basement:9.6.1:17:5
MERGED from com.google.firebase:firebase-analytics:9.6.1:17:5
MERGED from com.google.android.gms:play-services-basement:9.6.1:17:5
MERGED from com.google.firebase:firebase-common:9.6.1:3:5
MERGED from com.google.android.gms:play-services-basement:9.6.1:17:5
MERGED from com.google.android.gms:play-services-tasks:9.6.1:3:5
MERGED from com.google.android.gms:play-services-basement:9.6.1:17:5
MERGED from com.google.firebase:firebase-analytics-impl:9.6.1:17:5
MERGED from com.google.android.gms:play-services-basement:9.6.1:17:5
MERGED from com.google.firebase:firebase-iid:9.6.1:17:5
MERGED from com.google.android.gms:play-services-basement:9.6.1:17:5
MERGED from com.google.firebase:firebase-common:9.6.1:3:5
MERGED from com.google.android.gms:play-services-basement:9.6.1:17:5
MERGED from com.google.android.gms:play-services-tasks:9.6.1:3:5
MERGED from com.google.android.gms:play-services-basement:9.6.1:17:5
MERGED from com.google.firebase:firebase-common:9.6.1:3:5
MERGED from com.google.android.gms:play-services-basement:9.6.1:17:5
MERGED from com.google.android.gms:play-services-tasks:9.6.1:3:5
MERGED from com.google.android.gms:play-services-basement:9.6.1:17:5
MERGED from com.google.android.gms:play-services-drive:9.6.1:17:5
MERGED from com.google.android.gms:play-services-base:9.6.1:17:5
MERGED from com.google.android.gms:play-services-basement:9.6.1:17:5
MERGED from com.google.android.gms:play-services-tasks:9.6.1:3:5
MERGED from com.google.android.gms:play-services-basement:9.6.1:17:5
MERGED from com.google.android.gms:play-services-basement:9.6.1:17:5
MERGED from com.google.firebase:firebase-auth:9.6.1:17:5
MERGED from com.google.android.gms:play-services-base:9.6.1:17:5
MERGED from com.google.android.gms:play-services-basement:9.6.1:17:5
MERGED from com.google.android.gms:play-services-tasks:9.6.1:3:5
MERGED from com.google.android.gms:play-services-basement:9.6.1:17:5
MERGED from com.google.android.gms:play-services-basement:9.6.1:17:5
MERGED from com.google.firebase:firebase-auth-common:9.6.1:17:5
MERGED from com.google.android.gms:play-services-base:9.6.1:17:5
MERGED from com.google.android.gms:play-services-basement:9.6.1:17:5
MERGED from com.google.android.gms:play-services-tasks:9.6.1:3:5
MERGED from com.google.android.gms:play-services-basement:9.6.1:17:5
MERGED from com.google.android.gms:play-services-basement:9.6.1:17:5
MERGED from com.google.firebase:firebase-auth-module:9.6.1:3:5
MERGED from com.google.android.gms:play-services-base:9.6.1:17:5
MERGED from com.google.android.gms:play-services-basement:9.6.1:17:5
MERGED from com.google.android.gms:play-services-tasks:9.6.1:3:5
MERGED from com.google.android.gms:play-services-basement:9.6.1:17:5
MERGED from com.google.android.gms:play-services-basement:9.6.1:17:5
MERGED from com.google.firebase:firebase-common:9.6.1:3:5
MERGED from com.google.android.gms:play-services-basement:9.6.1:17:5
MERGED from com.google.android.gms:play-services-tasks:9.6.1:3:5
MERGED from com.google.android.gms:play-services-basement:9.6.1:17:5
MERGED from com.google.firebase:firebase-auth-module:9.6.1:3:5
MERGED from com.google.android.gms:play-services-base:9.6.1:17:5
MERGED from com.google.android.gms:play-services-basement:9.6.1:17:5
MERGED from com.google.android.gms:play-services-tasks:9.6.1:3:5
MERGED from com.google.android.gms:play-services-basement:9.6.1:17:5
MERGED from com.google.android.gms:play-services-basement:9.6.1:17:5
MERGED from com.google.firebase:firebase-common:9.6.1:3:5
MERGED from com.google.android.gms:play-services-basement:9.6.1:17:5
MERGED from com.google.android.gms:play-services-tasks:9.6.1:3:5
MERGED from com.google.android.gms:play-services-basement:9.6.1:17:5
MERGED from com.google.android.gms:play-services-tasks:9.6.1:3:5
MERGED from com.google.android.gms:play-services-basement:9.6.1:17:5
MERGED from com.google.firebase:firebase-auth-common:9.6.1:17:5
MERGED from com.google.android.gms:play-services-base:9.6.1:17:5
MERGED from com.google.android.gms:play-services-basement:9.6.1:17:5
MERGED from com.google.android.gms:play-services-tasks:9.6.1:3:5
MERGED from com.google.android.gms:play-services-basement:9.6.1:17:5
MERGED from com.google.android.gms:play-services-basement:9.6.1:17:5
MERGED from com.google.firebase:firebase-auth-module:9.6.1:3:5
MERGED from com.google.android.gms:play-services-base:9.6.1:17:5
MERGED from com.google.android.gms:play-services-basement:9.6.1:17:5
MERGED from com.google.android.gms:play-services-tasks:9.6.1:3:5
MERGED from com.google.android.gms:play-services-basement:9.6.1:17:5
MERGED from com.google.android.gms:play-services-basement:9.6.1:17:5
MERGED from com.google.firebase:firebase-common:9.6.1:3:5
MERGED from com.google.android.gms:play-services-basement:9.6.1:17:5
MERGED from com.google.android.gms:play-services-tasks:9.6.1:3:5
MERGED from com.google.android.gms:play-services-basement:9.6.1:17:5
MERGED from com.google.firebase:firebase-auth-module:9.6.1:3:5
MERGED from com.google.android.gms:play-services-base:9.6.1:17:5
MERGED from com.google.android.gms:play-services-basement:9.6.1:17:5
MERGED from com.google.android.gms:play-services-tasks:9.6.1:3:5
MERGED from com.google.android.gms:play-services-basement:9.6.1:17:5
MERGED from com.google.android.gms:play-services-basement:9.6.1:17:5
MERGED from com.google.firebase:firebase-database-connection:9.6.1:3:5
MERGED from com.google.android.gms:play-services-basement:9.6.1:17:5
MERGED from com.google.firebase:firebase-common:9.6.1:3:5
MERGED from com.google.android.gms:play-services-basement:9.6.1:17:5
MERGED from com.google.android.gms:play-services-tasks:9.6.1:3:5
MERGED from com.google.android.gms:play-services-basement:9.6.1:17:5
MERGED from com.google.firebase:firebase-database:9.6.1:3:5
MERGED from com.google.android.gms:play-services-basement:9.6.1:17:5
MERGED from com.google.firebase:firebase-database-connection:9.6.1:3:5
MERGED from com.google.android.gms:play-services-basement:9.6.1:17:5
MERGED from com.google.firebase:firebase-common:9.6.1:3:5
MERGED from com.google.android.gms:play-services-basement:9.6.1:17:5
MERGED from com.google.android.gms:play-services-tasks:9.6.1:3:5
MERGED from com.google.android.gms:play-services-basement:9.6.1:17:5
MERGED from com.google.firebase:firebase-common:9.6.1:3:5
MERGED from com.google.android.gms:play-services-basement:9.6.1:17:5
MERGED from com.google.android.gms:play-services-tasks:9.6.1:3:5
MERGED from com.google.android.gms:play-services-basement:9.6.1:17:5
MERGED from com.google.android.gms:play-services-tasks:9.6.1:3:5
MERGED from com.google.android.gms:play-services-basement:9.6.1:17:5
MERGED from com.google.firebase:firebase-iid:9.6.1:17:5
MERGED from com.google.android.gms:play-services-basement:9.6.1:17:5
MERGED from com.google.firebase:firebase-common:9.6.1:3:5
MERGED from com.google.android.gms:play-services-basement:9.6.1:17:5
MERGED from com.google.android.gms:play-services-tasks:9.6.1:3:5
MERGED from com.google.android.gms:play-services-basement:9.6.1:17:5
MERGED from com.google.firebase:firebase-messaging:9.6.1:17:5
MERGED from com.google.android.gms:play-services-basement:9.6.1:17:5
MERGED from com.google.firebase:firebase-iid:9.6.1:17:5
MERGED from com.google.android.gms:play-services-basement:9.6.1:17:5
MERGED from com.google.firebase:firebase-common:9.6.1:3:5
MERGED from com.google.android.gms:play-services-basement:9.6.1:17:5
MERGED from com.google.android.gms:play-services-tasks:9.6.1:3:5
MERGED from com.google.android.gms:play-services-basement:9.6.1:17:5
MERGED from com.google.firebase:firebase-common:9.6.1:3:5
MERGED from com.google.android.gms:play-services-basement:9.6.1:17:5
MERGED from com.google.android.gms:play-services-tasks:9.6.1:3:5
MERGED from com.google.android.gms:play-services-basement:9.6.1:17:5
MERGED from com.google.firebase:firebase-storage:9.6.1:3:5
MERGED from com.google.android.gms:play-services-basement:9.6.1:17:5
MERGED from com.google.firebase:firebase-storage-common:9.6.1:3:5
MERGED from com.google.android.gms:play-services-basement:9.6.1:17:5
MERGED from com.google.firebase:firebase-common:9.6.1:3:5
MERGED from com.google.android.gms:play-services-basement:9.6.1:17:5
MERGED from com.google.android.gms:play-services-tasks:9.6.1:3:5
MERGED from com.google.android.gms:play-services-basement:9.6.1:17:5
MERGED from com.google.android.gms:play-services-tasks:9.6.1:3:5
MERGED from com.google.android.gms:play-services-basement:9.6.1:17:5
MERGED from com.google.firebase:firebase-storage-common:9.6.1:3:5
MERGED from com.google.android.gms:play-services-basement:9.6.1:17:5
MERGED from com.google.firebase:firebase-common:9.6.1:3:5
MERGED from com.google.android.gms:play-services-basement:9.6.1:17:5
MERGED from com.google.android.gms:play-services-tasks:9.6.1:3:5
MERGED from com.google.android.gms:play-services-basement:9.6.1:17:5
MERGED from com.google.android.gms:play-services-fitness:9.6.1:17:5
MERGED from com.google.android.gms:play-services-base:9.6.1:17:5
MERGED from com.google.android.gms:play-services-basement:9.6.1:17:5
MERGED from com.google.android.gms:play-services-tasks:9.6.1:3:5
MERGED from com.google.android.gms:play-services-basement:9.6.1:17:5
MERGED from com.google.android.gms:play-services-basement:9.6.1:17:5
MERGED from com.google.android.gms:play-services-location:9.6.1:3:5
MERGED from com.google.android.gms:play-services-base:9.6.1:17:5
MERGED from com.google.android.gms:play-services-basement:9.6.1:17:5
MERGED from com.google.android.gms:play-services-tasks:9.6.1:3:5
MERGED from com.google.android.gms:play-services-basement:9.6.1:17:5
MERGED from com.google.android.gms:play-services-basement:9.6.1:17:5
MERGED from com.google.android.gms:play-services-games:9.6.1:17:5
MERGED from com.google.android.gms:play-services-base:9.6.1:17:5
MERGED from com.google.android.gms:play-services-basement:9.6.1:17:5
MERGED from com.google.android.gms:play-services-tasks:9.6.1:3:5
MERGED from com.google.android.gms:play-services-basement:9.6.1:17:5
MERGED from com.google.android.gms:play-services-basement:9.6.1:17:5
MERGED from com.google.android.gms:play-services-drive:9.6.1:17:5
MERGED from com.google.android.gms:play-services-base:9.6.1:17:5
MERGED from com.google.android.gms:play-services-basement:9.6.1:17:5
MERGED from com.google.android.gms:play-services-tasks:9.6.1:3:5
MERGED from com.google.android.gms:play-services-basement:9.6.1:17:5
MERGED from com.google.android.gms:play-services-basement:9.6.1:17:5
MERGED from com.google.android.gms:play-services-gass:9.6.1:3:5
MERGED from com.google.android.gms:play-services-basement:9.6.1:17:5
MERGED from com.google.android.gms:play-services-gcm:9.6.1:17:5
MERGED from com.google.android.gms:play-services-base:9.6.1:17:5
MERGED from com.google.android.gms:play-services-basement:9.6.1:17:5
MERGED from com.google.android.gms:play-services-tasks:9.6.1:3:5
MERGED from com.google.android.gms:play-services-basement:9.6.1:17:5
MERGED from com.google.android.gms:play-services-basement:9.6.1:17:5
MERGED from com.google.android.gms:play-services-iid:9.6.1:17:5
MERGED from com.google.android.gms:play-services-base:9.6.1:17:5
MERGED from com.google.android.gms:play-services-basement:9.6.1:17:5
MERGED from com.google.android.gms:play-services-tasks:9.6.1:3:5
MERGED from com.google.android.gms:play-services-basement:9.6.1:17:5
MERGED from com.google.android.gms:play-services-basement:9.6.1:17:5
MERGED from com.google.android.gms:play-services-appindexing:9.6.1:17:5
MERGED from com.google.android.gms:play-services-base:9.6.1:17:5
MERGED from com.google.android.gms:play-services-basement:9.6.1:17:5
MERGED from com.google.android.gms:play-services-tasks:9.6.1:3:5
MERGED from com.google.android.gms:play-services-basement:9.6.1:17:5
MERGED from com.google.android.gms:play-services-basement:9.6.1:17:5
MERGED from com.google.firebase:firebase-common:9.6.1:3:5
MERGED from com.google.android.gms:play-services-basement:9.6.1:17:5
MERGED from com.google.android.gms:play-services-tasks:9.6.1:3:5
MERGED from com.google.android.gms:play-services-basement:9.6.1:17:5
MERGED from com.google.android.gms:play-services-tasks:9.6.1:3:5
MERGED from com.google.android.gms:play-services-basement:9.6.1:17:5
MERGED from com.google.android.gms:play-services-identity:9.6.1:17:5
MERGED from com.google.android.gms:play-services-base:9.6.1:17:5
MERGED from com.google.android.gms:play-services-basement:9.6.1:17:5
MERGED from com.google.android.gms:play-services-tasks:9.6.1:3:5
MERGED from com.google.android.gms:play-services-basement:9.6.1:17:5
MERGED from com.google.android.gms:play-services-basement:9.6.1:17:5
MERGED from com.google.android.gms:play-services-iid:9.6.1:17:5
MERGED from com.google.android.gms:play-services-base:9.6.1:17:5
MERGED from com.google.android.gms:play-services-basement:9.6.1:17:5
MERGED from com.google.android.gms:play-services-tasks:9.6.1:3:5
MERGED from com.google.android.gms:play-services-basement:9.6.1:17:5
MERGED from com.google.android.gms:play-services-basement:9.6.1:17:5
MERGED from com.google.android.gms:play-services-instantapps:9.6.1:3:5
MERGED from com.google.android.gms:play-services-base:9.6.1:17:5
MERGED from com.google.android.gms:play-services-basement:9.6.1:17:5
MERGED from com.google.android.gms:play-services-tasks:9.6.1:3:5
MERGED from com.google.android.gms:play-services-basement:9.6.1:17:5
MERGED from com.google.android.gms:play-services-basement:9.6.1:17:5
MERGED from com.google.android.gms:play-services-location:9.6.1:3:5
MERGED from com.google.android.gms:play-services-base:9.6.1:17:5
MERGED from com.google.android.gms:play-services-basement:9.6.1:17:5
MERGED from com.google.android.gms:play-services-tasks:9.6.1:3:5
MERGED from com.google.android.gms:play-services-basement:9.6.1:17:5
MERGED from com.google.android.gms:play-services-basement:9.6.1:17:5
MERGED from com.google.android.gms:play-services-maps:9.6.1:23:5
MERGED from com.google.android.gms:play-services-base:9.6.1:17:5
MERGED from com.google.android.gms:play-services-basement:9.6.1:17:5
MERGED from com.google.android.gms:play-services-tasks:9.6.1:3:5
MERGED from com.google.android.gms:play-services-basement:9.6.1:17:5
MERGED from com.google.android.gms:play-services-basement:9.6.1:17:5
MERGED from com.google.firebase:firebase-analytics:9.6.1:17:5
MERGED from com.google.android.gms:play-services-basement:9.6.1:17:5
MERGED from com.google.firebase:firebase-common:9.6.1:3:5
MERGED from com.google.android.gms:play-services-basement:9.6.1:17:5
MERGED from com.google.android.gms:play-services-tasks:9.6.1:3:5
MERGED from com.google.android.gms:play-services-basement:9.6.1:17:5
MERGED from com.google.firebase:firebase-analytics-impl:9.6.1:17:5
MERGED from com.google.android.gms:play-services-basement:9.6.1:17:5
MERGED from com.google.firebase:firebase-iid:9.6.1:17:5
MERGED from com.google.android.gms:play-services-basement:9.6.1:17:5
MERGED from com.google.firebase:firebase-common:9.6.1:3:5
MERGED from com.google.android.gms:play-services-basement:9.6.1:17:5
MERGED from com.google.android.gms:play-services-tasks:9.6.1:3:5
MERGED from com.google.android.gms:play-services-basement:9.6.1:17:5
MERGED from com.google.firebase:firebase-common:9.6.1:3:5
MERGED from com.google.android.gms:play-services-basement:9.6.1:17:5
MERGED from com.google.android.gms:play-services-tasks:9.6.1:3:5
MERGED from com.google.android.gms:play-services-basement:9.6.1:17:5
MERGED from com.google.firebase:firebase-analytics-impl:9.6.1:17:5
MERGED from com.google.android.gms:play-services-basement:9.6.1:17:5
MERGED from com.google.firebase:firebase-iid:9.6.1:17:5
MERGED from com.google.android.gms:play-services-basement:9.6.1:17:5
MERGED from com.google.firebase:firebase-common:9.6.1:3:5
MERGED from com.google.android.gms:play-services-basement:9.6.1:17:5
MERGED from com.google.android.gms:play-services-tasks:9.6.1:3:5
MERGED from com.google.android.gms:play-services-basement:9.6.1:17:5
MERGED from com.google.firebase:firebase-common:9.6.1:3:5
MERGED from com.google.android.gms:play-services-basement:9.6.1:17:5
MERGED from com.google.android.gms:play-services-tasks:9.6.1:3:5
MERGED from com.google.android.gms:play-services-basement:9.6.1:17:5
MERGED from com.google.android.gms:play-services-nearby:9.6.1:3:5
MERGED from com.google.android.gms:play-services-base:9.6.1:17:5
MERGED from com.google.android.gms:play-services-basement:9.6.1:17:5
MERGED from com.google.android.gms:play-services-tasks:9.6.1:3:5
MERGED from com.google.android.gms:play-services-basement:9.6.1:17:5
MERGED from com.google.android.gms:play-services-basement:9.6.1:17:5
MERGED from com.google.android.gms:play-services-panorama:9.6.1:17:5
MERGED from com.google.android.gms:play-services-base:9.6.1:17:5
MERGED from com.google.android.gms:play-services-basement:9.6.1:17:5
MERGED from com.google.android.gms:play-services-tasks:9.6.1:3:5
MERGED from com.google.android.gms:play-services-basement:9.6.1:17:5
MERGED from com.google.android.gms:play-services-basement:9.6.1:17:5
MERGED from com.google.android.gms:play-services-places:9.6.1:17:5
MERGED from com.google.android.gms:play-services-base:9.6.1:17:5
MERGED from com.google.android.gms:play-services-basement:9.6.1:17:5
MERGED from com.google.android.gms:play-services-tasks:9.6.1:3:5
MERGED from com.google.android.gms:play-services-basement:9.6.1:17:5
MERGED from com.google.android.gms:play-services-basement:9.6.1:17:5
MERGED from com.google.android.gms:play-services-maps:9.6.1:23:5
MERGED from com.google.android.gms:play-services-base:9.6.1:17:5
MERGED from com.google.android.gms:play-services-basement:9.6.1:17:5
MERGED from com.google.android.gms:play-services-tasks:9.6.1:3:5
MERGED from com.google.android.gms:play-services-basement:9.6.1:17:5
MERGED from com.google.android.gms:play-services-basement:9.6.1:17:5
MERGED from com.google.android.gms:play-services-plus:9.6.1:17:5
MERGED from com.google.android.gms:play-services-base:9.6.1:17:5
MERGED from com.google.android.gms:play-services-basement:9.6.1:17:5
MERGED from com.google.android.gms:play-services-tasks:9.6.1:3:5
MERGED from com.google.android.gms:play-services-basement:9.6.1:17:5
MERGED from com.google.android.gms:play-services-basement:9.6.1:17:5
MERGED from com.google.android.gms:play-services-safetynet:9.6.1:17:5
MERGED from com.google.android.gms:play-services-base:9.6.1:17:5
MERGED from com.google.android.gms:play-services-basement:9.6.1:17:5
MERGED from com.google.android.gms:play-services-tasks:9.6.1:3:5
MERGED from com.google.android.gms:play-services-basement:9.6.1:17:5
MERGED from com.google.android.gms:play-services-basement:9.6.1:17:5
MERGED from com.google.android.gms:play-services-tagmanager-api:9.6.1:17:5
MERGED from com.google.android.gms:play-services-basement:9.6.1:17:5
MERGED from com.google.firebase:firebase-analytics:9.6.1:17:5
MERGED from com.google.android.gms:play-services-basement:9.6.1:17:5